Start testing: Mar 02 10:52 CET
----------------------------------------------------------
1/5 Testing: t1
1/5 Test: t1
Command: "/Users/mac/Downloads/Atelier_CMAKE/build/src/calculator" "add" "2" "3"
Directory: /Users/mac/Downloads/Atelier_CMAKE/build
"t1" start time: Mar 02 10:52 CET
Output:
----------------------------------------------------------
5.000000
<end of output>
Test time =   0.15 sec
----------------------------------------------------------
Test Passed.
"t1" end time: Mar 02 10:52 CET
"t1" time elapsed: 00:00:00
----------------------------------------------------------

2/5 Testing: t2
2/5 Test: t2
Command: "/Users/mac/Downloads/Atelier_CMAKE/build/src/calculator" "sub" "3" "-2"
Directory: /Users/mac/Downloads/Atelier_CMAKE/build
"t2" start time: Mar 02 10:52 CET
Output:
----------------------------------------------------------
5.000000
<end of output>
Test time =   0.00 sec
----------------------------------------------------------
Test Passed.
"t2" end time: Mar 02 10:52 CET
"t2" time elapsed: 00:00:00
----------------------------------------------------------

3/5 Testing: t3
3/5 Test: t3
Command: "/Users/mac/Downloads/Atelier_CMAKE/build/src/calculator" "mul" "5" "5"
Directory: /Users/mac/Downloads/Atelier_CMAKE/build
"t3" start time: Mar 02 10:52 CET
Output:
----------------------------------------------------------
25.000000
<end of output>
Test time =   0.00 sec
----------------------------------------------------------
Test Passed.
"t3" end time: Mar 02 10:52 CET
"t3" time elapsed: 00:00:00
----------------------------------------------------------

4/5 Testing: t4
4/5 Test: t4
Command: "/Users/mac/Downloads/Atelier_CMAKE/build/src/calculator" "div" "1" "5"
Directory: /Users/mac/Downloads/Atelier_CMAKE/build
"t4" start time: Mar 02 10:52 CET
Output:
----------------------------------------------------------
0.200000
<end of output>
Test time =   0.00 sec
----------------------------------------------------------
Test Passed.
"t4" end time: Mar 02 10:52 CET
"t4" time elapsed: 00:00:00
----------------------------------------------------------

5/5 Testing: t5
5/5 Test: t5
Command: "/Users/mac/Downloads/Atelier_CMAKE/build/src/calculator" "car" "5"
Directory: /Users/mac/Downloads/Atelier_CMAKE/build
"t5" start time: Mar 02 10:52 CET
Output:
----------------------------------------------------------
25.000000
<end of output>
Test time =   0.00 sec
----------------------------------------------------------
Test Passed.
"t5" end time: Mar 02 10:52 CET
"t5" time elapsed: 00:00:00
----------------------------------------------------------

End testing: Mar 02 10:52 CET
